[
  {
    "level": "INFO",
    "message": "android.ndkVersion from module build.gradle is [22.1.7171670]",
    "diagnosticCode": "UNKNOWN"
  },
  {
    "level": "INFO",
    "message": "android.ndkPath from module build.gradle is not set",
    "diagnosticCode": "UNKNOWN"
  },
  {
    "level": "INFO",
    "message": "ndk.dir in local.properties is C:\\AndroidStudio\\ndk-bundle",
    "diagnosticCode": "UNKNOWN"
  },
  {
    "level": "INFO",
    "message": "Not considering ANDROID_NDK_HOME because support was removed after deprecation period.",
    "diagnosticCode": "UNKNOWN"
  },
  {
    "level": "INFO",
    "message": "sdkFolder is C:\\AndroidStudio",
    "diagnosticCode": "UNKNOWN"
  },
  {
    "level": "INFO",
    "message": "NDK side-by-side folder from sdkFolder C:\\AndroidStudio\\ndk does not exist",
    "diagnosticCode": "UNKNOWN"
  },
  {
    "level": "INFO",
    "message": "Checking whether deleting ndk.dir and setting android.ndkVersion to [22.1.7171670] would result in the same NDK",
    "diagnosticCode": "UNKNOWN"
  },
  {
    "level": "INFO",
    "message": "android.ndkVersion from module build.gradle is [22.1.7171670]",
    "tag": "ndk.dir delete check",
    "diagnosticCode": "UNKNOWN"
  },
  {
    "level": "INFO",
    "message": "android.ndkPath from module build.gradle is not set",
    "tag": "ndk.dir delete check",
    "diagnosticCode": "UNKNOWN"
  },
  {
    "level": "INFO",
    "message": "ndk.dir in local.properties is not set",
    "tag": "ndk.dir delete check",
    "diagnosticCode": "UNKNOWN"
  },
  {
    "level": "INFO",
    "message": "Not considering ANDROID_NDK_HOME because support was removed after deprecation period.",
    "tag": "ndk.dir delete check",
    "diagnosticCode": "UNKNOWN"
  },
  {
    "level": "INFO",
    "message": "sdkFolder is C:\\AndroidStudio",
    "tag": "ndk.dir delete check",
    "diagnosticCode": "UNKNOWN"
  },
  {
    "level": "INFO",
    "message": "NDK side-by-side folder from sdkFolder C:\\AndroidStudio\\ndk does not exist",
    "tag": "ndk.dir delete check",
    "diagnosticCode": "UNKNOWN"
  },
  {
    "level": "INFO",
    "message": "Folder C:\\AndroidStudio\\ndk\\22.1.7171670 does not exist. Ignoring.",
    "tag": "ndk.dir delete check",
    "diagnosticCode": "UNKNOWN"
  },
  {
    "level": "INFO",
    "message": "Deleting ndk.dir and setting android.ndkVersion to [22.1.7171670] would result in the same NDK.",
    "tag": "ndk.dir delete check",
    "diagnosticCode": "UNKNOWN"
  },
  {
    "level": "WARN",
    "message": "NDK was located by using ndk.dir property. This method is deprecated and will be removed in a future release. Please delete ndk.dir from local.properties and set android.ndkVersion to [22.1.7171670] in all native modules in the project. https://developer.android.com/r/studio-ui/ndk-dir",
    "diagnosticCode": "UNKNOWN"
  }
]