[
  {
    "level": "INFO",
    "message": "android.ndkVersion from module build.gradle is not set"
  },
  {
    "level": "INFO",
    "message": "ndk.dir in local.properties is C:\\AndroidStudio\\ndk-bundle"
  },
  {
    "level": "INFO",
    "message": "ANDROID_NDK_HOME environment variable is not set"
  },
  {
    "level": "INFO",
    "message": "sdkFolder is C:\\AndroidStudio"
  },
  {
    "level": "INFO",
    "message": "NDK side-by-side folder from sdkFolder C:\\AndroidStudio\\ndk does not exist"
  },
  {
    "level": "INFO",
    "message": "Considering C:\\AndroidStudio\\ndk-bundle by ndk.dir"
  },
  {
    "level": "INFO",
    "message": "Considering C:\\AndroidStudio\\ndk-bundle in SDK ndk-bundle folder"
  },
  {
    "level": "INFO",
    "message": "Found requested ndk.dir (C:\\AndroidStudio\\ndk-bundle) which has version 22.0.6917172"
  }
]