[
  {
    "level": "INFO",
    "message": "android.ndkVersion from module build.gradle is [23.1.7779620]"
  },
  {
    "level": "INFO",
    "message": "android.ndkPath from module build.gradle is not set"
  },
  {
    "level": "INFO",
    "message": "ndk.dir in local.properties is C:\\AndroidStudio\\ndk-bundle"
  },
  {
    "level": "INFO",
    "message": "Not considering ANDROID_NDK_HOME because support was removed after deprecation period."
  },
  {
    "level": "INFO",
    "message": "sdkFolder is C:\\AndroidStudio"
  },
  {
    "level": "INFO",
    "message": "NDK side-by-side folder from sdkFolder C:\\AndroidStudio\\ndk does not exist"
  }
]